rRNA
Mt_tRNA
Mt_rRNA
ribozyme
miRNA
misc_RNA
scaRNA
scRNA
snoRNA
snRNA
sRNA
lincRNA
antisense_RNA
bidirectional_promoter_lncRNA
3prime_overlapping_ncRNA
macro_lncRNA
non_coding
processed_transcript
sense_intronic
sense_overlapping
protein_coding
pseudogene
polymorphic_pseudogene
processed_pseudogene
transcribed_processed_pseudogene
transcribed_unitary_pseudogene
transcribed_unprocessed_pseudogene
translated_processed_pseudogene
unitary_pseudogene
unprocessed_pseudogene
IG_C_gene
IG_C_pseudogene
IG_D_gene
IG_J_gene
IG_J_pseudogene
IG_pseudogene
IG_V_gene
IG_V_pseudogene
TR_C_gene
TR_D_gene
TR_J_gene
TR_J_pseudogene
TR_V_gene
TR_V_pseudogene
TEC
vaultRNA
